-------------------------------------------------------------------------------
Test set: com.portfolio.service.AssetServiceTest
-------------------------------------------------------------------------------
Tests run: 8, Failures: 0, Errors: 5, Skipped: 0, Time elapsed: 0.425 s <<< FAILURE! -- in com.portfolio.service.AssetServiceTest
com.portfolio.service.AssetServiceTest.getAsset_and_listings -- Time elapsed: 0.008 s <<< ERROR!
java.lang.NullPointerException: Cannot invoke "com.portfolio.entity.Portfolio.getPortfolioId()" because the return value of "com.portfolio.entity.Asset.getPortfolio()" is null
	at com.portfolio.service.AssetService.mapToResponse(AssetService.java:249)
	at com.portfolio.service.AssetService.getAsset(AssetService.java:105)
	at com.portfolio.service.AssetServiceTest.getAsset_and_listings(AssetServiceTest.java:135)
	at java.base/java.lang.reflect.Method.invoke(Method.java:569)
	at java.base/java.util.ArrayList.forEach(ArrayList.java:1511)
	at java.base/java.util.ArrayList.forEach(ArrayList.java:1511)

com.portfolio.service.AssetServiceTest.updateAsset_recordsHistory_onChanges -- Time elapsed: 0.008 s <<< ERROR!
java.lang.NullPointerException: Cannot invoke "com.portfolio.entity.Portfolio.getPortfolioId()" because the return value of "com.portfolio.entity.Asset.getPortfolio()" is null
	at com.portfolio.service.AssetService.mapToResponse(AssetService.java:249)
	at com.portfolio.service.AssetService.updateAsset(AssetService.java:179)
	at com.portfolio.service.AssetServiceTest.updateAsset_recordsHistory_onChanges(AssetServiceTest.java:175)
	at java.base/java.lang.reflect.Method.invoke(Method.java:569)
	at java.base/java.util.ArrayList.forEach(ArrayList.java:1511)
	at java.base/java.util.ArrayList.forEach(ArrayList.java:1511)

com.portfolio.service.AssetServiceTest.deleteAsset_detachesGroups_and_deletes -- Time elapsed: 0.053 s <<< ERROR!
java.lang.StackOverflowError
	at java.base/java.util.HashMap$KeyIterator.<init>(HashMap.java:1618)
	at java.base/java.util.HashMap$KeySet.iterator(HashMap.java:983)
	at java.base/java.util.HashSet.iterator(HashSet.java:174)
	at java.base/java.util.AbstractSet.hashCode(AbstractSet.java:120)
	at com.portfolio.entity.Asset.hashCode(Asset.java:24)
	at java.base/java.util.AbstractSet.hashCode(AbstractSet.java:124)
	at com.portfolio.entity.AssetGroup.hashCode(AssetGroup.java:23)
	at java.base/java.util.AbstractSet.hashCode(AbstractSet.java:124)
	at com.portfolio.entity.Asset.hashCode(Asset.java:24)
	at java.base/java.util.AbstractSet.hashCode(AbstractSet.java:124)
	at com.portfolio.entity.AssetGroup.hashCode(AssetGroup.java:23)
	at java.base/java.util.AbstractSet.hashCode(AbstractSet.java:124)
	at com.portfolio.entity.Asset.hashCode(Asset.java:24)
	at java.base/java.util.AbstractSet.hashCode(AbstractSet.java:124)
	at com.portfolio.entity.AssetGroup.hashCode(AssetGroup.java:23)
	at java.base/java.util.AbstractSet.hashCode(AbstractSet.java:124)
	at com.portfolio.entity.Asset.hashCode(Asset.java:24)
	at java.base/java.util.AbstractSet.hashCode(AbstractSet.java:124)
	at com.portfolio.entity.AssetGroup.hashCode(AssetGroup.java:23)
	at java.base/java.util.AbstractSet.hashCode(AbstractSet.java:124)
	at com.portfolio.entity.Asset.hashCode(Asset.java:24)
	at java.base/java.util.AbstractSet.hashCode(AbstractSet.java:124)
	at com.portfolio.entity.AssetGroup.hashCode(AssetGroup.java:23)
	at java.base/java.util.AbstractSet.hashCode(AbstractSet.java:124)
	at com.portfolio.entity.Asset.hashCode(Asset.java:24)
	at java.base/java.util.AbstractSet.hashCode(AbstractSet.java:124)
	at com.portfolio.entity.AssetGroup.hashCode(AssetGroup.java:23)
	at java.base/java.util.AbstractSet.hashCode(AbstractSet.java:124)
	at com.portfolio.entity.Asset.hashCode(Asset.java:24)
	at java.base/java.util.AbstractSet.hashCode(AbstractSet.java:124)
	at com.portfolio.entity.AssetGroup.hashCode(AssetGroup.java:23)
	at java.base/java.util.AbstractSet.hashCode(AbstractSet.java:124)
	at com.portfolio.entity.Asset.hashCode(Asset.java:24)
	at java.base/java.util.AbstractSet.hashCode(AbstractSet.java:124)
	at com.portfolio.entity.AssetGroup.hashCode(AssetGroup.java:23)
	at java.base/java.util.AbstractSet.hashCode(AbstractSet.java:124)
	at com.portfolio.entity.Asset.hashCode(Asset.java:24)
	at java.base/java.util.AbstractSet.hashCode(AbstractSet.java:124)
	at com.portfolio.entity.AssetGroup.hashCode(AssetGroup.java:23)
	at java.base/java.util.AbstractSet.hashCode(AbstractSet.java:124)
	at com.portfolio.entity.Asset.hashCode(Asset.java:24)
	at java.base/java.util.AbstractSet.hashCode(AbstractSet.java:124)
	at com.portfolio.entity.AssetGroup.hashCode(AssetGroup.java:23)
	at java.base/java.util.AbstractSet.hashCode(AbstractSet.java:124)
	at com.portfolio.entity.Asset.hashCode(Asset.java:24)
	at java.base/java.util.AbstractSet.hashCode(AbstractSet.java:124)
	at com.portfolio.entity.AssetGroup.hashCode(AssetGroup.java:23)
	at java.base/java.util.AbstractSet.hashCode(AbstractSet.java:124)
	at com.portfolio.entity.Asset.hashCode(Asset.java:24)
	at java.base/java.util.AbstractSet.hashCode(AbstractSet.java:124)
	at com.portfolio.entity.AssetGroup.hashCode(AssetGroup.java:23)
	at java.base/java.util.AbstractSet.hashCode(AbstractSet.java:124)
	at com.portfolio.entity.Asset.hashCode(Asset.java:24)
	at java.base/java.util.AbstractSet.hashCode(AbstractSet.java:124)
	at com.portfolio.entity.AssetGroup.hashCode(AssetGroup.java:23)
	at java.base/java.util.AbstractSet.hashCode(AbstractSet.java:124)
	at com.portfolio.entity.Asset.hashCode(Asset.java:24)
	at java.base/java.util.AbstractSet.hashCode(AbstractSet.java:124)
	at com.portfolio.entity.AssetGroup.hashCode(AssetGroup.java:23)
	at java.base/java.util.AbstractSet.hashCode(AbstractSet.java:124)
	at com.portfolio.entity.Asset.hashCode(Asset.java:24)
	at java.base/java.util.AbstractSet.hashCode(AbstractSet.java:124)
	at com.portfolio.entity.AssetGroup.hashCode(AssetGroup.java:23)
	at java.base/java.util.AbstractSet.hashCode(AbstractSet.java:124)
	at com.portfolio.entity.Asset.hashCode(Asset.java:24)
	at java.base/java.util.AbstractSet.hashCode(AbstractSet.java:124)
	at com.portfolio.entity.AssetGroup.hashCode(AssetGroup.java:23)
	at java.base/java.util.AbstractSet.hashCode(AbstractSet.java:124)
	at com.portfolio.entity.Asset.hashCode(Asset.java:24)
	at java.base/java.util.AbstractSet.hashCode(AbstractSet.java:124)
	at com.portfolio.entity.AssetGroup.hashCode(AssetGroup.java:23)
	at java.base/java.util.AbstractSet.hashCode(AbstractSet.java:124)
	at com.portfolio.entity.Asset.hashCode(Asset.java:24)
	at java.base/java.util.AbstractSet.hashCode(AbstractSet.java:124)
	at com.portfolio.entity.AssetGroup.hashCode(AssetGroup.java:23)
	at java.base/java.util.AbstractSet.hashCode(AbstractSet.java:124)
	at com.portfolio.entity.Asset.hashCode(Asset.java:24)
	at java.base/java.util.AbstractSet.hashCode(AbstractSet.java:124)
	at com.portfolio.entity.AssetGroup.hashCode(AssetGroup.java:23)
	at java.base/java.util.AbstractSet.hashCode(AbstractSet.java:124)
	at com.portfolio.entity.Asset.hashCode(Asset.java:24)
	at java.base/java.util.AbstractSet.hashCode(AbstractSet.java:124)
	at com.portfolio.entity.AssetGroup.hashCode(AssetGroup.java:23)
	at java.base/java.util.AbstractSet.hashCode(AbstractSet.java:124)
	at com.portfolio.entity.Asset.hashCode(Asset.java:24)
	at java.base/java.util.AbstractSet.hashCode(AbstractSet.java:124)
	at com.portfolio.entity.AssetGroup.hashCode(AssetGroup.java:23)
	at java.base/java.util.AbstractSet.hashCode(AbstractSet.java:124)
	at com.portfolio.entity.Asset.hashCode(Asset.java:24)
	at java.base/java.util.AbstractSet.hashCode(AbstractSet.java:124)
	at com.portfolio.entity.AssetGroup.hashCode(AssetGroup.java:23)
	at java.base/java.util.AbstractSet.hashCode(AbstractSet.java:124)
	at com.portfolio.entity.Asset.hashCode(Asset.java:24)
	at java.base/java.util.AbstractSet.hashCode(AbstractSet.java:124)
	at com.portfolio.entity.AssetGroup.hashCode(AssetGroup.java:23)
	at java.base/java.util.AbstractSet.hashCode(AbstractSet.java:124)
	at com.portfolio.entity.Asset.hashCode(Asset.java:24)
	at java.base/java.util.AbstractSet.hashCode(AbstractSet.java:124)
	at com.portfolio.entity.AssetGroup.hashCode(AssetGroup.java:23)
	at java.base/java.util.AbstractSet.hashCode(AbstractSet.java:124)
	at com.portfolio.entity.Asset.hashCode(Asset.java:24)
	at java.base/java.util.AbstractSet.hashCode(AbstractSet.java:124)
	at com.portfolio.entity.AssetGroup.hashCode(AssetGroup.java:23)
	at java.base/java.util.AbstractSet.hashCode(AbstractSet.java:124)
	at com.portfolio.entity.Asset.hashCode(Asset.java:24)
	at java.base/java.util.AbstractSet.hashCode(AbstractSet.java:124)
	at com.portfolio.entity.AssetGroup.hashCode(AssetGroup.java:23)
	at java.base/java.util.AbstractSet.hashCode(AbstractSet.java:124)
	at com.portfolio.entity.Asset.hashCode(Asset.java:24)
	at java.base/java.util.AbstractSet.hashCode(AbstractSet.java:124)
	at com.portfolio.entity.AssetGroup.hashCode(AssetGroup.java:23)
	at java.base/java.util.AbstractSet.hashCode(AbstractSet.java:124)
	at com.portfolio.entity.Asset.hashCode(Asset.java:24)
	at java.base/java.util.AbstractSet.hashCode(AbstractSet.java:124)
	at com.portfolio.entity.AssetGroup.hashCode(AssetGroup.java:23)
	at java.base/java.util.AbstractSet.hashCode(AbstractSet.java:124)
	at com.portfolio.entity.Asset.hashCode(Asset.java:24)
	at java.base/java.util.AbstractSet.hashCode(AbstractSet.java:124)
	at com.portfolio.entity.AssetGroup.hashCode(AssetGroup.java:23)
	at java.base/java.util.AbstractSet.hashCode(AbstractSet.java:124)
	at com.portfolio.entity.Asset.hashCode(Asset.java:24)
	at java.base/java.util.AbstractSet.hashCode(AbstractSet.java:124)
	at com.portfolio.entity.AssetGroup.hashCode(AssetGroup.java:23)
	at java.base/java.util.AbstractSet.hashCode(AbstractSet.java:124)
	at com.portfolio.entity.Asset.hashCode(Asset.java:24)
	at java.base/java.util.AbstractSet.hashCode(AbstractSet.java:124)
	at com.portfolio.entity.AssetGroup.hashCode(AssetGroup.java:23)
	at java.base/java.util.AbstractSet.hashCode(AbstractSet.java:124)
	at com.portfolio.entity.Asset.hashCode(Asset.java:24)
	at java.base/java.util.AbstractSet.hashCode(AbstractSet.java:124)
	at com.portfolio.entity.AssetGroup.hashCode(AssetGroup.java:23)
	at java.base/java.util.AbstractSet.hashCode(AbstractSet.java:124)
	at com.portfolio.entity.Asset.hashCode(Asset.java:24)
	at java.base/java.util.AbstractSet.hashCode(AbstractSet.java:124)
	at com.portfolio.entity.AssetGroup.hashCode(AssetGroup.java:23)
	at java.base/java.util.AbstractSet.hashCode(AbstractSet.java:124)
	at com.portfolio.entity.Asset.hashCode(Asset.java:24)
	at java.base/java.util.AbstractSet.hashCode(AbstractSet.java:124)
	at com.portfolio.entity.AssetGroup.hashCode(AssetGroup.java:23)
	at java.base/java.util.AbstractSet.hashCode(AbstractSet.java:124)
	at com.portfolio.entity.Asset.hashCode(Asset.java:24)
	at java.base/java.util.AbstractSet.hashCode(AbstractSet.java:124)
	at com.portfolio.entity.AssetGroup.hashCode(AssetGroup.java:23)
	at java.base/java.util.AbstractSet.hashCode(AbstractSet.java:124)
	at com.portfolio.entity.Asset.hashCode(Asset.java:24)
	at java.base/java.util.AbstractSet.hashCode(AbstractSet.java:124)
	at com.portfolio.entity.AssetGroup.hashCode(AssetGroup.java:23)
	at java.base/java.util.AbstractSet.hashCode(AbstractSet.java:124)
	at com.portfolio.entity.Asset.hashCode(Asset.java:24)
	at java.base/java.util.AbstractSet.hashCode(AbstractSet.java:124)
	at com.portfolio.entity.AssetGroup.hashCode(AssetGroup.java:23)
	at java.base/java.util.AbstractSet.hashCode(AbstractSet.java:124)
	at com.portfolio.entity.Asset.hashCode(Asset.java:24)
	at java.base/java.util.AbstractSet.hashCode(AbstractSet.java:124)
	at com.portfolio.entity.AssetGroup.hashCode(AssetGroup.java:23)
	at java.base/java.util.AbstractSet.hashCode(AbstractSet.java:124)
	at com.portfolio.entity.Asset.hashCode(Asset.java:24)
	at java.base/java.util.AbstractSet.hashCode(AbstractSet.java:124)
	at com.portfolio.entity.AssetGroup.hashCode(AssetGroup.java:23)
	at java.base/java.util.AbstractSet.hashCode(AbstractSet.java:124)
	at com.portfolio.entity.Asset.hashCode(Asset.java:24)
	at java.base/java.util.AbstractSet.hashCode(AbstractSet.java:124)
	at com.portfolio.entity.AssetGroup.hashCode(AssetGroup.java:23)
	at java.base/java.util.AbstractSet.hashCode(AbstractSet.java:124)
	at com.portfolio.entity.Asset.hashCode(Asset.java:24)
	at java.base/java.util.AbstractSet.hashCode(AbstractSet.java:124)
	at com.portfolio.entity.AssetGroup.hashCode(AssetGroup.java:23)
	at java.base/java.util.AbstractSet.hashCode(AbstractSet.java:124)
	at com.portfolio.entity.Asset.hashCode(Asset.java:24)
	at java.base/java.util.AbstractSet.hashCode(AbstractSet.java:124)
	at com.portfolio.entity.AssetGroup.hashCode(AssetGroup.java:23)
	at java.base/java.util.AbstractSet.hashCode(AbstractSet.java:124)
	at com.portfolio.entity.Asset.hashCode(Asset.java:24)
	at java.base/java.util.AbstractSet.hashCode(AbstractSet.java:124)
	at com.portfolio.entity.AssetGroup.hashCode(AssetGroup.java:23)
	at java.base/java.util.AbstractSet.hashCode(AbstractSet.java:124)
	at com.portfolio.entity.Asset.hashCode(Asset.java:24)
	at java.base/java.util.AbstractSet.hashCode(AbstractSet.java:124)
	at com.portfolio.entity.AssetGroup.hashCode(AssetGroup.java:23)
	at java.base/java.util.AbstractSet.hashCode(AbstractSet.java:124)
	at com.portfolio.entity.Asset.hashCode(Asset.java:24)
	at java.base/java.util.AbstractSet.hashCode(AbstractSet.java:124)
	at com.portfolio.entity.AssetGroup.hashCode(AssetGroup.java:23)
	at java.base/java.util.AbstractSet.hashCode(AbstractSet.java:124)
	at com.portfolio.entity.Asset.hashCode(Asset.java:24)
	at java.base/java.util.AbstractSet.hashCode(AbstractSet.java:124)
	at com.portfolio.entity.AssetGroup.hashCode(AssetGroup.java:23)
	at java.base/java.util.AbstractSet.hashCode(AbstractSet.java:124)
	at com.portfolio.entity.Asset.hashCode(Asset.java:24)
	at java.base/java.util.AbstractSet.hashCode(AbstractSet.java:124)
	at com.portfolio.entity.AssetGroup.hashCode(AssetGroup.java:23)
	at java.base/java.util.AbstractSet.hashCode(AbstractSet.java:124)
	at com.portfolio.entity.Asset.hashCode(Asset.java:24)
	at java.base/java.util.AbstractSet.hashCode(AbstractSet.java:124)
	at com.portfolio.entity.AssetGroup.hashCode(AssetGroup.java:23)
	at java.base/java.util.AbstractSet.hashCode(AbstractSet.java:124)
	at com.portfolio.entity.Asset.hashCode(Asset.java:24)
	at java.base/java.util.AbstractSet.hashCode(AbstractSet.java:124)
	at com.portfolio.entity.AssetGroup.hashCode(AssetGroup.java:23)
	at java.base/java.util.AbstractSet.hashCode(AbstractSet.java:124)
	at com.portfolio.entity.Asset.hashCode(Asset.java:24)
	at java.base/java.util.AbstractSet.hashCode(AbstractSet.java:124)
	at com.portfolio.entity.AssetGroup.hashCode(AssetGroup.java:23)
	at java.base/java.util.AbstractSet.hashCode(AbstractSet.java:124)
	at com.portfolio.entity.Asset.hashCode(Asset.java:24)
	at java.base/java.util.AbstractSet.hashCode(AbstractSet.java:124)
	at com.portfolio.entity.AssetGroup.hashCode(AssetGroup.java:23)
	at java.base/java.util.AbstractSet.hashCode(AbstractSet.java:124)
	at com.portfolio.entity.Asset.hashCode(Asset.java:24)
	at java.base/java.util.AbstractSet.hashCode(AbstractSet.java:124)
	at com.portfolio.entity.AssetGroup.hashCode(AssetGroup.java:23)
	at java.base/java.util.AbstractSet.hashCode(AbstractSet.java:124)
	at com.portfolio.entity.Asset.hashCode(Asset.java:24)
	at java.base/java.util.AbstractSet.hashCode(AbstractSet.java:124)
	at com.portfolio.entity.AssetGroup.hashCode(AssetGroup.java:23)
	at java.base/java.util.AbstractSet.hashCode(AbstractSet.java:124)
	at com.portfolio.entity.Asset.hashCode(Asset.java:24)
	at java.base/java.util.AbstractSet.hashCode(AbstractSet.java:124)
	at com.portfolio.entity.AssetGroup.hashCode(AssetGroup.java:23)
	at java.base/java.util.AbstractSet.hashCode(AbstractSet.java:124)
	at com.portfolio.entity.Asset.hashCode(Asset.java:24)
	at java.base/java.util.AbstractSet.hashCode(AbstractSet.java:124)
	at com.portfolio.entity.AssetGroup.hashCode(AssetGroup.java:23)
	at java.base/java.util.AbstractSet.hashCode(AbstractSet.java:124)
	at com.portfolio.entity.Asset.hashCode(Asset.java:24)
	at java.base/java.util.AbstractSet.hashCode(AbstractSet.java:124)
	at com.portfolio.entity.AssetGroup.hashCode(AssetGroup.java:23)
	at java.base/java.util.AbstractSet.hashCode(AbstractSet.java:124)
	at com.portfolio.entity.Asset.hashCode(Asset.java:24)
	at java.base/java.util.AbstractSet.hashCode(AbstractSet.java:124)
	at com.portfolio.entity.AssetGroup.hashCode(AssetGroup.java:23)
	at java.base/java.util.AbstractSet.hashCode(AbstractSet.java:124)
	at com.portfolio.entity.Asset.hashCode(Asset.java:24)
	at java.base/java.util.AbstractSet.hashCode(AbstractSet.java:124)
	at com.portfolio.entity.AssetGroup.hashCode(AssetGroup.java:23)
	at java.base/java.util.AbstractSet.hashCode(AbstractSet.java:124)
	at com.portfolio.entity.Asset.hashCode(Asset.java:24)
	at java.base/java.util.AbstractSet.hashCode(AbstractSet.java:124)
	at com.portfolio.entity.AssetGroup.hashCode(AssetGroup.java:23)
	at java.base/java.util.AbstractSet.hashCode(AbstractSet.java:124)
	at com.portfolio.entity.Asset.hashCode(Asset.java:24)
	at java.base/java.util.AbstractSet.hashCode(AbstractSet.java:124)
	at com.portfolio.entity.AssetGroup.hashCode(AssetGroup.java:23)
	at java.base/java.util.AbstractSet.hashCode(AbstractSet.java:124)
	at com.portfolio.entity.Asset.hashCode(Asset.java:24)
	at java.base/java.util.AbstractSet.hashCode(AbstractSet.java:124)
	at com.portfolio.entity.AssetGroup.hashCode(AssetGroup.java:23)
	at java.base/java.util.AbstractSet.hashCode(AbstractSet.java:124)
	at com.portfolio.entity.Asset.hashCode(Asset.java:24)
	at java.base/java.util.AbstractSet.hashCode(AbstractSet.java:124)
	at com.portfolio.entity.AssetGroup.hashCode(AssetGroup.java:23)
	at java.base/java.util.AbstractSet.hashCode(AbstractSet.java:124)
	at com.portfolio.entity.Asset.hashCode(Asset.java:24)
	at java.base/java.util.AbstractSet.hashCode(AbstractSet.java:124)
	at com.portfolio.entity.AssetGroup.hashCode(AssetGroup.java:23)
	at java.base/java.util.AbstractSet.hashCode(AbstractSet.java:124)
	at com.portfolio.entity.Asset.hashCode(Asset.java:24)
	at java.base/java.util.AbstractSet.hashCode(AbstractSet.java:124)
	at com.portfolio.entity.AssetGroup.hashCode(AssetGroup.java:23)
	at java.base/java.util.AbstractSet.hashCode(AbstractSet.java:124)
	at com.portfolio.entity.Asset.hashCode(Asset.java:24)
	at java.base/java.util.AbstractSet.hashCode(AbstractSet.java:124)
	at com.portfolio.entity.AssetGroup.hashCode(AssetGroup.java:23)
	at java.base/java.util.AbstractSet.hashCode(AbstractSet.java:124)
	at com.portfolio.entity.Asset.hashCode(Asset.java:24)
	at java.base/java.util.AbstractSet.hashCode(AbstractSet.java:124)
	at com.portfolio.entity.AssetGroup.hashCode(AssetGroup.java:23)
	at java.base/java.util.AbstractSet.hashCode(AbstractSet.java:124)
	at com.portfolio.entity.Asset.hashCode(Asset.java:24)
	at java.base/java.util.AbstractSet.hashCode(AbstractSet.java:124)
	at com.portfolio.entity.AssetGroup.hashCode(AssetGroup.java:23)
	at java.base/java.util.AbstractSet.hashCode(AbstractSet.java:124)
	at com.portfolio.entity.Asset.hashCode(Asset.java:24)
	at java.base/java.util.AbstractSet.hashCode(AbstractSet.java:124)
	at com.portfolio.entity.AssetGroup.hashCode(AssetGroup.java:23)
	at java.base/java.util.AbstractSet.hashCode(AbstractSet.java:124)
	at com.portfolio.entity.Asset.hashCode(Asset.java:24)
	at java.base/java.util.AbstractSet.hashCode(AbstractSet.java:124)
	at com.portfolio.entity.AssetGroup.hashCode(AssetGroup.java:23)
	at java.base/java.util.AbstractSet.hashCode(AbstractSet.java:124)
	at com.portfolio.entity.Asset.hashCode(Asset.java:24)
	at java.base/java.util.AbstractSet.hashCode(AbstractSet.java:124)
	at com.portfolio.entity.AssetGroup.hashCode(AssetGroup.java:23)
	at java.base/java.util.AbstractSet.hashCode(AbstractSet.java:124)
	at com.portfolio.entity.Asset.hashCode(Asset.java:24)
	at java.base/java.util.AbstractSet.hashCode(AbstractSet.java:124)
	at com.portfolio.entity.AssetGroup.hashCode(AssetGroup.java:23)
	at java.base/java.util.AbstractSet.hashCode(AbstractSet.java:124)
	at com.portfolio.entity.Asset.hashCode(Asset.java:24)
	at java.base/java.util.AbstractSet.hashCode(AbstractSet.java:124)
	at com.portfolio.entity.AssetGroup.hashCode(AssetGroup.java:23)
	at java.base/java.util.AbstractSet.hashCode(AbstractSet.java:124)
	at com.portfolio.entity.Asset.hashCode(Asset.java:24)
	at java.base/java.util.AbstractSet.hashCode(AbstractSet.java:124)
	at com.portfolio.entity.AssetGroup.hashCode(AssetGroup.java:23)
	at java.base/java.util.AbstractSet.hashCode(AbstractSet.java:124)
	at com.portfolio.entity.Asset.hashCode(Asset.java:24)
	at java.base/java.util.AbstractSet.hashCode(AbstractSet.java:124)
	at com.portfolio.entity.AssetGroup.hashCode(AssetGroup.java:23)
	at java.base/java.util.AbstractSet.hashCode(AbstractSet.java:124)
	at com.portfolio.entity.Asset.hashCode(Asset.java:24)
	at java.base/java.util.AbstractSet.hashCode(AbstractSet.java:124)
	at com.portfolio.entity.AssetGroup.hashCode(AssetGroup.java:23)
	at java.base/java.util.AbstractSet.hashCode(AbstractSet.java:124)
	at com.portfolio.entity.Asset.hashCode(Asset.java:24)
	at java.base/java.util.AbstractSet.hashCode(AbstractSet.java:124)
	at com.portfolio.entity.AssetGroup.hashCode(AssetGroup.java:23)
	at java.base/java.util.AbstractSet.hashCode(AbstractSet.java:124)
	at com.portfolio.entity.Asset.hashCode(Asset.java:24)
	at java.base/java.util.AbstractSet.hashCode(AbstractSet.java:124)
	at com.portfolio.entity.AssetGroup.hashCode(AssetGroup.java:23)
	at java.base/java.util.AbstractSet.hashCode(AbstractSet.java:124)
	at com.portfolio.entity.Asset.hashCode(Asset.java:24)
	at java.base/java.util.AbstractSet.hashCode(AbstractSet.java:124)
	at com.portfolio.entity.AssetGroup.hashCode(AssetGroup.java:23)
	at java.base/java.util.AbstractSet.hashCode(AbstractSet.java:124)
	at com.portfolio.entity.Asset.hashCode(Asset.java:24)
	at java.base/java.util.AbstractSet.hashCode(AbstractSet.java:124)
	at com.portfolio.entity.AssetGroup.hashCode(AssetGroup.java:23)
	at java.base/java.util.AbstractSet.hashCode(AbstractSet.java:124)
	at com.portfolio.entity.Asset.hashCode(Asset.java:24)
	at java.base/java.util.AbstractSet.hashCode(AbstractSet.java:124)
	at com.portfolio.entity.AssetGroup.hashCode(AssetGroup.java:23)
	at java.base/java.util.AbstractSet.hashCode(AbstractSet.java:124)
	at com.portfolio.entity.Asset.hashCode(Asset.java:24)
	at java.base/java.util.AbstractSet.hashCode(AbstractSet.java:124)
	at com.portfolio.entity.AssetGroup.hashCode(AssetGroup.java:23)
	at java.base/java.util.AbstractSet.hashCode(AbstractSet.java:124)
	at com.portfolio.entity.Asset.hashCode(Asset.java:24)
	at java.base/java.util.AbstractSet.hashCode(AbstractSet.java:124)
	at com.portfolio.entity.AssetGroup.hashCode(AssetGroup.java:23)
	at java.base/java.util.AbstractSet.hashCode(AbstractSet.java:124)
	at com.portfolio.entity.Asset.hashCode(Asset.java:24)
	at java.base/java.util.AbstractSet.hashCode(AbstractSet.java:124)
	at com.portfolio.entity.AssetGroup.hashCode(AssetGroup.java:23)
	at java.base/java.util.AbstractSet.hashCode(AbstractSet.java:124)
	at com.portfolio.entity.Asset.hashCode(Asset.java:24)
	at java.base/java.util.AbstractSet.hashCode(AbstractSet.java:124)
	at com.portfolio.entity.AssetGroup.hashCode(AssetGroup.java:23)
	at java.base/java.util.AbstractSet.hashCode(AbstractSet.java:124)
	at com.portfolio.entity.Asset.hashCode(Asset.java:24)
	at java.base/java.util.AbstractSet.hashCode(AbstractSet.java:124)
	at com.portfolio.entity.AssetGroup.hashCode(AssetGroup.java:23)
	at java.base/java.util.AbstractSet.hashCode(AbstractSet.java:124)
	at com.portfolio.entity.Asset.hashCode(Asset.java:24)
	at java.base/java.util.AbstractSet.hashCode(AbstractSet.java:124)
	at com.portfolio.entity.AssetGroup.hashCode(AssetGroup.java:23)
	at java.base/java.util.AbstractSet.hashCode(AbstractSet.java:124)
	at com.portfolio.entity.Asset.hashCode(Asset.java:24)
	at java.base/java.util.AbstractSet.hashCode(AbstractSet.java:124)
	at com.portfolio.entity.AssetGroup.hashCode(AssetGroup.java:23)
	at java.base/java.util.AbstractSet.hashCode(AbstractSet.java:124)
	at com.portfolio.entity.Asset.hashCode(Asset.java:24)
	at java.base/java.util.AbstractSet.hashCode(AbstractSet.java:124)
	at com.portfolio.entity.AssetGroup.hashCode(AssetGroup.java:23)
	at java.base/java.util.AbstractSet.hashCode(AbstractSet.java:124)
	at com.portfolio.entity.Asset.hashCode(Asset.java:24)
	at java.base/java.util.AbstractSet.hashCode(AbstractSet.java:124)
	at com.portfolio.entity.AssetGroup.hashCode(AssetGroup.java:23)
	at java.base/java.util.AbstractSet.hashCode(AbstractSet.java:124)
	at com.portfolio.entity.Asset.hashCode(Asset.java:24)
	at java.base/java.util.AbstractSet.hashCode(AbstractSet.java:124)
	at com.portfolio.entity.AssetGroup.hashCode(AssetGroup.java:23)
	at java.base/java.util.AbstractSet.hashCode(AbstractSet.java:124)
	at com.portfolio.entity.Asset.hashCode(Asset.java:24)
	at java.base/java.util.AbstractSet.hashCode(AbstractSet.java:124)
	at com.portfolio.entity.AssetGroup.hashCode(AssetGroup.java:23)
	at java.base/java.util.AbstractSet.hashCode(AbstractSet.java:124)
	at com.portfolio.entity.Asset.hashCode(Asset.java:24)
	at java.base/java.util.AbstractSet.hashCode(AbstractSet.java:124)
	at com.portfolio.entity.AssetGroup.hashCode(AssetGroup.java:23)
	at java.base/java.util.AbstractSet.hashCode(AbstractSet.java:124)
	at com.portfolio.entity.Asset.hashCode(Asset.java:24)
	at java.base/java.util.AbstractSet.hashCode(AbstractSet.java:124)
	at com.portfolio.entity.AssetGroup.hashCode(AssetGroup.java:23)
	at java.base/java.util.AbstractSet.hashCode(AbstractSet.java:124)
	at com.portfolio.entity.Asset.hashCode(Asset.java:24)
	at java.base/java.util.AbstractSet.hashCode(AbstractSet.java:124)
	at com.portfolio.entity.AssetGroup.hashCode(AssetGroup.java:23)
	at java.base/java.util.AbstractSet.hashCode(AbstractSet.java:124)
	at com.portfolio.entity.Asset.hashCode(Asset.java:24)
	at java.base/java.util.AbstractSet.hashCode(AbstractSet.java:124)
	at com.portfolio.entity.AssetGroup.hashCode(AssetGroup.java:23)
	at java.base/java.util.AbstractSet.hashCode(AbstractSet.java:124)
	at com.portfolio.entity.Asset.hashCode(Asset.java:24)
	at java.base/java.util.AbstractSet.hashCode(AbstractSet.java:124)
	at com.portfolio.entity.AssetGroup.hashCode(AssetGroup.java:23)
	at java.base/java.util.AbstractSet.hashCode(AbstractSet.java:124)
	at com.portfolio.entity.Asset.hashCode(Asset.java:24)
	at java.base/java.util.AbstractSet.hashCode(AbstractSet.java:124)
	at com.portfolio.entity.AssetGroup.hashCode(AssetGroup.java:23)
	at java.base/java.util.AbstractSet.hashCode(AbstractSet.java:124)
	at com.portfolio.entity.Asset.hashCode(Asset.java:24)
	at java.base/java.util.AbstractSet.hashCode(AbstractSet.java:124)
	at com.portfolio.entity.AssetGroup.hashCode(AssetGroup.java:23)
	at java.base/java.util.AbstractSet.hashCode(AbstractSet.java:124)
	at com.portfolio.entity.Asset.hashCode(Asset.java:24)
	at java.base/java.util.AbstractSet.hashCode(AbstractSet.java:124)
	at com.portfolio.entity.AssetGroup.hashCode(AssetGroup.java:23)
	at java.base/java.util.AbstractSet.hashCode(AbstractSet.java:124)
	at com.portfolio.entity.Asset.hashCode(Asset.java:24)
	at java.base/java.util.AbstractSet.hashCode(AbstractSet.java:124)
	at com.portfolio.entity.AssetGroup.hashCode(AssetGroup.java:23)
	at java.base/java.util.AbstractSet.hashCode(AbstractSet.java:124)
	at com.portfolio.entity.Asset.hashCode(Asset.java:24)
	at java.base/java.util.AbstractSet.hashCode(AbstractSet.java:124)
	at com.portfolio.entity.AssetGroup.hashCode(AssetGroup.java:23)
	at java.base/java.util.AbstractSet.hashCode(AbstractSet.java:124)
	at com.portfolio.entity.Asset.hashCode(Asset.java:24)
	at java.base/java.util.AbstractSet.hashCode(AbstractSet.java:124)
	at com.portfolio.entity.AssetGroup.hashCode(AssetGroup.java:23)
	at java.base/java.util.AbstractSet.hashCode(AbstractSet.java:124)
	at com.portfolio.entity.Asset.hashCode(Asset.java:24)
	at java.base/java.util.AbstractSet.hashCode(AbstractSet.java:124)
	at com.portfolio.entity.AssetGroup.hashCode(AssetGroup.java:23)
	at java.base/java.util.AbstractSet.hashCode(AbstractSet.java:124)
	at com.portfolio.entity.Asset.hashCode(Asset.java:24)
	at java.base/java.util.AbstractSet.hashCode(AbstractSet.java:124)
	at com.portfolio.entity.AssetGroup.hashCode(AssetGroup.java:23)
	at java.base/java.util.AbstractSet.hashCode(AbstractSet.java:124)
	at com.portfolio.entity.Asset.hashCode(Asset.java:24)
	at java.base/java.util.AbstractSet.hashCode(AbstractSet.java:124)
	at com.portfolio.entity.AssetGroup.hashCode(AssetGroup.java:23)
	at java.base/java.util.AbstractSet.hashCode(AbstractSet.java:124)
	at com.portfolio.entity.Asset.hashCode(Asset.java:24)
	at java.base/java.util.AbstractSet.hashCode(AbstractSet.java:124)
	at com.portfolio.entity.AssetGroup.hashCode(AssetGroup.java:23)
	at java.base/java.util.AbstractSet.hashCode(AbstractSet.java:124)
	at com.portfolio.entity.Asset.hashCode(Asset.java:24)
	at java.base/java.util.AbstractSet.hashCode(AbstractSet.java:124)
	at com.portfolio.entity.AssetGroup.hashCode(AssetGroup.java:23)
	at java.base/java.util.AbstractSet.hashCode(AbstractSet.java:124)
	at com.portfolio.entity.Asset.hashCode(Asset.java:24)
	at java.base/java.util.AbstractSet.hashCode(AbstractSet.java:124)
	at com.portfolio.entity.AssetGroup.hashCode(AssetGroup.java:23)
	at java.base/java.util.AbstractSet.hashCode(AbstractSet.java:124)
	at com.portfolio.entity.Asset.hashCode(Asset.java:24)
	at java.base/java.util.AbstractSet.hashCode(AbstractSet.java:124)
	at com.portfolio.entity.AssetGroup.hashCode(AssetGroup.java:23)
	at java.base/java.util.AbstractSet.hashCode(AbstractSet.java:124)
	at com.portfolio.entity.Asset.hashCode(Asset.java:24)
	at java.base/java.util.AbstractSet.hashCode(AbstractSet.java:124)
	at com.portfolio.entity.AssetGroup.hashCode(AssetGroup.java:23)
	at java.base/java.util.AbstractSet.hashCode(AbstractSet.java:124)
	at com.portfolio.entity.Asset.hashCode(Asset.java:24)
	at java.base/java.util.AbstractSet.hashCode(AbstractSet.java:124)
	at com.portfolio.entity.AssetGroup.hashCode(AssetGroup.java:23)
	at java.base/java.util.AbstractSet.hashCode(AbstractSet.java:124)
	at com.portfolio.entity.Asset.hashCode(Asset.java:24)
	at java.base/java.util.AbstractSet.hashCode(AbstractSet.java:124)
	at com.portfolio.entity.AssetGroup.hashCode(AssetGroup.java:23)
	at java.base/java.util.AbstractSet.hashCode(AbstractSet.java:124)
	at com.portfolio.entity.Asset.hashCode(Asset.java:24)
	at java.base/java.util.AbstractSet.hashCode(AbstractSet.java:124)
	at com.portfolio.entity.AssetGroup.hashCode(AssetGroup.java:23)
	at java.base/java.util.AbstractSet.hashCode(AbstractSet.java:124)
	at com.portfolio.entity.Asset.hashCode(Asset.java:24)
	at java.base/java.util.AbstractSet.hashCode(AbstractSet.java:124)
	at com.portfolio.entity.AssetGroup.hashCode(AssetGroup.java:23)
	at java.base/java.util.AbstractSet.hashCode(AbstractSet.java:124)
	at com.portfolio.entity.Asset.hashCode(Asset.java:24)
	at java.base/java.util.AbstractSet.hashCode(AbstractSet.java:124)
	at com.portfolio.entity.AssetGroup.hashCode(AssetGroup.java:23)
	at java.base/java.util.AbstractSet.hashCode(AbstractSet.java:124)
	at com.portfolio.entity.Asset.hashCode(Asset.java:24)
	at java.base/java.util.AbstractSet.hashCode(AbstractSet.java:124)
	at com.portfolio.entity.AssetGroup.hashCode(AssetGroup.java:23)
	at java.base/java.util.AbstractSet.hashCode(AbstractSet.java:124)
	at com.portfolio.entity.Asset.hashCode(Asset.java:24)
	at java.base/java.util.AbstractSet.hashCode(AbstractSet.java:124)
	at com.portfolio.entity.AssetGroup.hashCode(AssetGroup.java:23)
	at java.base/java.util.AbstractSet.hashCode(AbstractSet.java:124)
	at com.portfolio.entity.Asset.hashCode(Asset.java:24)
	at java.base/java.util.AbstractSet.hashCode(AbstractSet.java:124)
	at com.portfolio.entity.AssetGroup.hashCode(AssetGroup.java:23)
	at java.base/java.util.AbstractSet.hashCode(AbstractSet.java:124)
	at com.portfolio.entity.Asset.hashCode(Asset.java:24)
	at java.base/java.util.AbstractSet.hashCode(AbstractSet.java:124)
	at com.portfolio.entity.AssetGroup.hashCode(AssetGroup.java:23)
	at java.base/java.util.AbstractSet.hashCode(AbstractSet.java:124)
	at com.portfolio.entity.Asset.hashCode(Asset.java:24)
	at java.base/java.util.AbstractSet.hashCode(AbstractSet.java:124)
	at com.portfolio.entity.AssetGroup.hashCode(AssetGroup.java:23)
	at java.base/java.util.AbstractSet.hashCode(AbstractSet.java:124)
	at com.portfolio.entity.Asset.hashCode(Asset.java:24)
	at java.base/java.util.AbstractSet.hashCode(AbstractSet.java:124)
	at com.portfolio.entity.AssetGroup.hashCode(AssetGroup.java:23)
	at java.base/java.util.AbstractSet.hashCode(AbstractSet.java:124)
	at com.portfolio.entity.Asset.hashCode(Asset.java:24)
	at java.base/java.util.AbstractSet.hashCode(AbstractSet.java:124)
	at com.portfolio.entity.AssetGroup.hashCode(AssetGroup.java:23)
	at java.base/java.util.AbstractSet.hashCode(AbstractSet.java:124)
	at com.portfolio.entity.Asset.hashCode(Asset.java:24)
	at java.base/java.util.AbstractSet.hashCode(AbstractSet.java:124)
	at com.portfolio.entity.AssetGroup.hashCode(AssetGroup.java:23)
	at java.base/java.util.AbstractSet.hashCode(AbstractSet.java:124)
	at com.portfolio.entity.Asset.hashCode(Asset.java:24)
	at java.base/java.util.AbstractSet.hashCode(AbstractSet.java:124)
	at com.portfolio.entity.AssetGroup.hashCode(AssetGroup.java:23)
	at java.base/java.util.AbstractSet.hashCode(AbstractSet.java:124)
	at com.portfolio.entity.Asset.hashCode(Asset.java:24)
	at java.base/java.util.AbstractSet.hashCode(AbstractSet.java:124)
	at com.portfolio.entity.AssetGroup.hashCode(AssetGroup.java:23)
	at java.base/java.util.AbstractSet.hashCode(AbstractSet.java:124)
	at com.portfolio.entity.Asset.hashCode(Asset.java:24)
	at java.base/java.util.AbstractSet.hashCode(AbstractSet.java:124)
	at com.portfolio.entity.AssetGroup.hashCode(AssetGroup.java:23)
	at java.base/java.util.AbstractSet.hashCode(AbstractSet.java:124)
	at com.portfolio.entity.Asset.hashCode(Asset.java:24)
	at java.base/java.util.AbstractSet.hashCode(AbstractSet.java:124)
	at com.portfolio.entity.AssetGroup.hashCode(AssetGroup.java:23)
	at java.base/java.util.AbstractSet.hashCode(AbstractSet.java:124)
	at com.portfolio.entity.Asset.hashCode(Asset.java:24)
	at java.base/java.util.AbstractSet.hashCode(AbstractSet.java:124)
	at com.portfolio.entity.AssetGroup.hashCode(AssetGroup.java:23)
	at java.base/java.util.AbstractSet.hashCode(AbstractSet.java:124)
	at com.portfolio.entity.Asset.hashCode(Asset.java:24)
	at java.base/java.util.AbstractSet.hashCode(AbstractSet.java:124)
	at com.portfolio.entity.AssetGroup.hashCode(AssetGroup.java:23)
	at java.base/java.util.AbstractSet.hashCode(AbstractSet.java:124)
	at com.portfolio.entity.Asset.hashCode(Asset.java:24)
	at java.base/java.util.AbstractSet.hashCode(AbstractSet.java:124)
	at com.portfolio.entity.AssetGroup.hashCode(AssetGroup.java:23)
	at java.base/java.util.AbstractSet.hashCode(AbstractSet.java:124)
	at com.portfolio.entity.Asset.hashCode(Asset.java:24)
	at java.base/java.util.AbstractSet.hashCode(AbstractSet.java:124)
	at com.portfolio.entity.AssetGroup.hashCode(AssetGroup.java:23)
	at java.base/java.util.AbstractSet.hashCode(AbstractSet.java:124)
	at com.portfolio.entity.Asset.hashCode(Asset.java:24)
	at java.base/java.util.AbstractSet.hashCode(AbstractSet.java:124)
	at com.portfolio.entity.AssetGroup.hashCode(AssetGroup.java:23)
	at java.base/java.util.AbstractSet.hashCode(AbstractSet.java:124)
	at com.portfolio.entity.Asset.hashCode(Asset.java:24)
	at java.base/java.util.AbstractSet.hashCode(AbstractSet.java:124)
	at com.portfolio.entity.AssetGroup.hashCode(AssetGroup.java:23)
	at java.base/java.util.AbstractSet.hashCode(AbstractSet.java:124)
	at com.portfolio.entity.Asset.hashCode(Asset.java:24)
	at java.base/java.util.AbstractSet.hashCode(AbstractSet.java:124)
	at com.portfolio.entity.AssetGroup.hashCode(AssetGroup.java:23)
	at java.base/java.util.AbstractSet.hashCode(AbstractSet.java:124)
	at com.portfolio.entity.Asset.hashCode(Asset.java:24)
	at java.base/java.util.AbstractSet.hashCode(AbstractSet.java:124)
	at com.portfolio.entity.AssetGroup.hashCode(AssetGroup.java:23)
	at java.base/java.util.AbstractSet.hashCode(AbstractSet.java:124)
	at com.portfolio.entity.Asset.hashCode(Asset.java:24)
	at java.base/java.util.AbstractSet.hashCode(AbstractSet.java:124)
	at com.portfolio.entity.AssetGroup.hashCode(AssetGroup.java:23)
	at java.base/java.util.AbstractSet.hashCode(AbstractSet.java:124)
	at com.portfolio.entity.Asset.hashCode(Asset.java:24)
	at java.base/java.util.AbstractSet.hashCode(AbstractSet.java:124)
	at com.portfolio.entity.AssetGroup.hashCode(AssetGroup.java:23)
	at java.base/java.util.AbstractSet.hashCode(AbstractSet.java:124)
	at com.portfolio.entity.Asset.hashCode(Asset.java:24)
	at java.base/java.util.AbstractSet.hashCode(AbstractSet.java:124)
	at com.portfolio.entity.AssetGroup.hashCode(AssetGroup.java:23)
	at java.base/java.util.AbstractSet.hashCode(AbstractSet.java:124)
	at com.portfolio.entity.Asset.hashCode(Asset.java:24)
	at java.base/java.util.AbstractSet.hashCode(AbstractSet.java:124)
	at com.portfolio.entity.AssetGroup.hashCode(AssetGroup.java:23)
	at java.base/java.util.AbstractSet.hashCode(AbstractSet.java:124)
	at com.portfolio.entity.Asset.hashCode(Asset.java:24)
	at java.base/java.util.AbstractSet.hashCode(AbstractSet.java:124)
	at com.portfolio.entity.AssetGroup.hashCode(AssetGroup.java:23)
	at java.base/java.util.AbstractSet.hashCode(AbstractSet.java:124)
	at com.portfolio.entity.Asset.hashCode(Asset.java:24)
	at java.base/java.util.AbstractSet.hashCode(AbstractSet.java:124)
	at com.portfolio.entity.AssetGroup.hashCode(AssetGroup.java:23)
	at java.base/java.util.AbstractSet.hashCode(AbstractSet.java:124)
	at com.portfolio.entity.Asset.hashCode(Asset.java:24)
	at java.base/java.util.AbstractSet.hashCode(AbstractSet.java:124)
	at com.portfolio.entity.AssetGroup.hashCode(AssetGroup.java:23)
	at java.base/java.util.AbstractSet.hashCode(AbstractSet.java:124)
	at com.portfolio.entity.Asset.hashCode(Asset.java:24)
	at java.base/java.util.AbstractSet.hashCode(AbstractSet.java:124)
	at com.portfolio.entity.AssetGroup.hashCode(AssetGroup.java:23)
	at java.base/java.util.AbstractSet.hashCode(AbstractSet.java:124)
	at com.portfolio.entity.Asset.hashCode(Asset.java:24)
	at java.base/java.util.AbstractSet.hashCode(AbstractSet.java:124)
	at com.portfolio.entity.AssetGroup.hashCode(AssetGroup.java:23)
	at java.base/java.util.AbstractSet.hashCode(AbstractSet.java:124)
	at com.portfolio.entity.Asset.hashCode(Asset.java:24)
	at java.base/java.util.AbstractSet.hashCode(AbstractSet.java:124)
	at com.portfolio.entity.AssetGroup.hashCode(AssetGroup.java:23)
	at java.base/java.util.AbstractSet.hashCode(AbstractSet.java:124)
	at com.portfolio.entity.Asset.hashCode(Asset.java:24)
	at java.base/java.util.AbstractSet.hashCode(AbstractSet.java:124)
	at com.portfolio.entity.AssetGroup.hashCode(AssetGroup.java:23)
	at java.base/java.util.AbstractSet.hashCode(AbstractSet.java:124)
	at com.portfolio.entity.Asset.hashCode(Asset.java:24)
	at java.base/java.util.AbstractSet.hashCode(AbstractSet.java:124)
	at com.portfolio.entity.AssetGroup.hashCode(AssetGroup.java:23)
	at java.base/java.util.AbstractSet.hashCode(AbstractSet.java:124)
	at com.portfolio.entity.Asset.hashCode(Asset.java:24)
	at java.base/java.util.AbstractSet.hashCode(AbstractSet.java:124)
	at com.portfolio.entity.AssetGroup.hashCode(AssetGroup.java:23)
	at java.base/java.util.AbstractSet.hashCode(AbstractSet.java:124)
	at com.portfolio.entity.Asset.hashCode(Asset.java:24)
	at java.base/java.util.AbstractSet.hashCode(AbstractSet.java:124)
	at com.portfolio.entity.AssetGroup.hashCode(AssetGroup.java:23)
	at java.base/java.util.AbstractSet.hashCode(AbstractSet.java:124)
	at com.portfolio.entity.Asset.hashCode(Asset.java:24)
	at java.base/java.util.AbstractSet.hashCode(AbstractSet.java:124)
	at com.portfolio.entity.AssetGroup.hashCode(AssetGroup.java:23)
	at java.base/java.util.AbstractSet.hashCode(AbstractSet.java:124)
	at com.portfolio.entity.Asset.hashCode(Asset.java:24)
	at java.base/java.util.AbstractSet.hashCode(AbstractSet.java:124)
	at com.portfolio.entity.AssetGroup.hashCode(AssetGroup.java:23)
	at java.base/java.util.AbstractSet.hashCode(AbstractSet.java:124)
	at com.portfolio.entity.Asset.hashCode(Asset.java:24)
	at java.base/java.util.AbstractSet.hashCode(AbstractSet.java:124)
	at com.portfolio.entity.AssetGroup.hashCode(AssetGroup.java:23)
	at java.base/java.util.AbstractSet.hashCode(AbstractSet.java:124)
	at com.portfolio.entity.Asset.hashCode(Asset.java:24)
	at java.base/java.util.AbstractSet.hashCode(AbstractSet.java:124)
	at com.portfolio.entity.AssetGroup.hashCode(AssetGroup.java:23)
	at java.base/java.util.AbstractSet.hashCode(AbstractSet.java:124)
	at com.portfolio.entity.Asset.hashCode(Asset.java:24)
	at java.base/java.util.AbstractSet.hashCode(AbstractSet.java:124)
	at com.portfolio.entity.AssetGroup.hashCode(AssetGroup.java:23)
	at java.base/java.util.AbstractSet.hashCode(AbstractSet.java:124)
	at com.portfolio.entity.Asset.hashCode(Asset.java:24)
	at java.base/java.util.AbstractSet.hashCode(AbstractSet.java:124)
	at com.portfolio.entity.AssetGroup.hashCode(AssetGroup.java:23)
	at java.base/java.util.AbstractSet.hashCode(AbstractSet.java:124)
	at com.portfolio.entity.Asset.hashCode(Asset.java:24)
	at java.base/java.util.AbstractSet.hashCode(AbstractSet.java:124)
	at com.portfolio.entity.AssetGroup.hashCode(AssetGroup.java:23)
	at java.base/java.util.AbstractSet.hashCode(AbstractSet.java:124)
	at com.portfolio.entity.Asset.hashCode(Asset.java:24)
	at java.base/java.util.AbstractSet.hashCode(AbstractSet.java:124)
	at com.portfolio.entity.AssetGroup.hashCode(AssetGroup.java:23)
	at java.base/java.util.AbstractSet.hashCode(AbstractSet.java:124)
	at com.portfolio.entity.Asset.hashCode(Asset.java:24)
	at java.base/java.util.AbstractSet.hashCode(AbstractSet.java:124)
	at com.portfolio.entity.AssetGroup.hashCode(AssetGroup.java:23)
	at java.base/java.util.AbstractSet.hashCode(AbstractSet.java:124)
	at com.portfolio.entity.Asset.hashCode(Asset.java:24)
	at java.base/java.util.AbstractSet.hashCode(AbstractSet.java:124)
	at com.portfolio.entity.AssetGroup.hashCode(AssetGroup.java:23)
	at java.base/java.util.AbstractSet.hashCode(AbstractSet.java:124)
	at com.portfolio.entity.Asset.hashCode(Asset.java:24)
	at java.base/java.util.AbstractSet.hashCode(AbstractSet.java:124)
	at com.portfolio.entity.AssetGroup.hashCode(AssetGroup.java:23)
	at java.base/java.util.AbstractSet.hashCode(AbstractSet.java:124)
	at com.portfolio.entity.Asset.hashCode(Asset.java:24)
	at java.base/java.util.AbstractSet.hashCode(AbstractSet.java:124)
	at com.portfolio.entity.AssetGroup.hashCode(AssetGroup.java:23)
	at java.base/java.util.AbstractSet.hashCode(AbstractSet.java:124)
	at com.portfolio.entity.Asset.hashCode(Asset.java:24)
	at java.base/java.util.AbstractSet.hashCode(AbstractSet.java:124)
	at com.portfolio.entity.AssetGroup.hashCode(AssetGroup.java:23)
	at java.base/java.util.AbstractSet.hashCode(AbstractSet.java:124)
	at com.portfolio.entity.Asset.hashCode(Asset.java:24)
	at java.base/java.util.AbstractSet.hashCode(AbstractSet.java:124)
	at com.portfolio.entity.AssetGroup.hashCode(AssetGroup.java:23)
	at java.base/java.util.AbstractSet.hashCode(AbstractSet.java:124)
	at com.portfolio.entity.Asset.hashCode(Asset.java:24)
	at java.base/java.util.AbstractSet.hashCode(AbstractSet.java:124)
	at com.portfolio.entity.AssetGroup.hashCode(AssetGroup.java:23)
	at java.base/java.util.AbstractSet.hashCode(AbstractSet.java:124)
	at com.portfolio.entity.Asset.hashCode(Asset.java:24)
	at java.base/java.util.AbstractSet.hashCode(AbstractSet.java:124)
	at com.portfolio.entity.AssetGroup.hashCode(AssetGroup.java:23)
	at java.base/java.util.AbstractSet.hashCode(AbstractSet.java:124)
	at com.portfolio.entity.Asset.hashCode(Asset.java:24)
	at java.base/java.util.AbstractSet.hashCode(AbstractSet.java:124)
	at com.portfolio.entity.AssetGroup.hashCode(AssetGroup.java:23)
	at java.base/java.util.AbstractSet.hashCode(AbstractSet.java:124)
	at com.portfolio.entity.Asset.hashCode(Asset.java:24)
	at java.base/java.util.AbstractSet.hashCode(AbstractSet.java:124)
	at com.portfolio.entity.AssetGroup.hashCode(AssetGroup.java:23)
	at java.base/java.util.AbstractSet.hashCode(AbstractSet.java:124)
	at com.portfolio.entity.Asset.hashCode(Asset.java:24)
	at java.base/java.util.AbstractSet.hashCode(AbstractSet.java:124)
	at com.portfolio.entity.AssetGroup.hashCode(AssetGroup.java:23)
	at java.base/java.util.AbstractSet.hashCode(AbstractSet.java:124)
	at com.portfolio.entity.Asset.hashCode(Asset.java:24)
	at java.base/java.util.AbstractSet.hashCode(AbstractSet.java:124)
	at com.portfolio.entity.AssetGroup.hashCode(AssetGroup.java:23)
	at java.base/java.util.AbstractSet.hashCode(AbstractSet.java:124)
	at com.portfolio.entity.Asset.hashCode(Asset.java:24)
	at java.base/java.util.AbstractSet.hashCode(AbstractSet.java:124)
	at com.portfolio.entity.AssetGroup.hashCode(AssetGroup.java:23)
	at java.base/java.util.AbstractSet.hashCode(AbstractSet.java:124)
	at com.portfolio.entity.Asset.hashCode(Asset.java:24)
	at java.base/java.util.AbstractSet.hashCode(AbstractSet.java:124)
	at com.portfolio.entity.AssetGroup.hashCode(AssetGroup.java:23)
	at java.base/java.util.AbstractSet.hashCode(AbstractSet.java:124)
	at com.portfolio.entity.Asset.hashCode(Asset.java:24)
	at java.base/java.util.AbstractSet.hashCode(AbstractSet.java:124)
	at com.portfolio.entity.AssetGroup.hashCode(AssetGroup.java:23)
	at java.base/java.util.AbstractSet.hashCode(AbstractSet.java:124)
	at com.portfolio.entity.Asset.hashCode(Asset.java:24)
	at java.base/java.util.AbstractSet.hashCode(AbstractSet.java:124)
	at com.portfolio.entity.AssetGroup.hashCode(AssetGroup.java:23)
	at java.base/java.util.AbstractSet.hashCode(AbstractSet.java:124)
	at com.portfolio.entity.Asset.hashCode(Asset.java:24)
	at java.base/java.util.AbstractSet.hashCode(AbstractSet.java:124)
	at com.portfolio.entity.AssetGroup.hashCode(AssetGroup.java:23)
	at java.base/java.util.AbstractSet.hashCode(AbstractSet.java:124)
	at com.portfolio.entity.Asset.hashCode(Asset.java:24)
	at java.base/java.util.AbstractSet.hashCode(AbstractSet.java:124)
	at com.portfolio.entity.AssetGroup.hashCode(AssetGroup.java:23)
	at java.base/java.util.AbstractSet.hashCode(AbstractSet.java:124)
	at com.portfolio.entity.Asset.hashCode(Asset.java:24)
	at java.base/java.util.AbstractSet.hashCode(AbstractSet.java:124)
	at com.portfolio.entity.AssetGroup.hashCode(AssetGroup.java:23)
	at java.base/java.util.AbstractSet.hashCode(AbstractSet.java:124)
	at com.portfolio.entity.Asset.hashCode(Asset.java:24)
	at java.base/java.util.AbstractSet.hashCode(AbstractSet.java:124)
	at com.portfolio.entity.AssetGroup.hashCode(AssetGroup.java:23)
	at java.base/java.util.AbstractSet.hashCode(AbstractSet.java:124)
	at com.portfolio.entity.Asset.hashCode(Asset.java:24)
	at java.base/java.util.AbstractSet.hashCode(AbstractSet.java:124)
	at com.portfolio.entity.AssetGroup.hashCode(AssetGroup.java:23)
	at java.base/java.util.AbstractSet.hashCode(AbstractSet.java:124)
	at com.portfolio.entity.Asset.hashCode(Asset.java:24)
	at java.base/java.util.AbstractSet.hashCode(AbstractSet.java:124)
	at com.portfolio.entity.AssetGroup.hashCode(AssetGroup.java:23)
	at java.base/java.util.AbstractSet.hashCode(AbstractSet.java:124)
	at com.portfolio.entity.Asset.hashCode(Asset.java:24)
	at java.base/java.util.AbstractSet.hashCode(AbstractSet.java:124)
	at com.portfolio.entity.AssetGroup.hashCode(AssetGroup.java:23)
	at java.base/java.util.AbstractSet.hashCode(AbstractSet.java:124)
	at com.portfolio.entity.Asset.hashCode(Asset.java:24)
	at java.base/java.util.AbstractSet.hashCode(AbstractSet.java:124)
	at com.portfolio.entity.AssetGroup.hashCode(AssetGroup.java:23)
	at java.base/java.util.AbstractSet.hashCode(AbstractSet.java:124)
	at com.portfolio.entity.Asset.hashCode(Asset.java:24)
	at java.base/java.util.AbstractSet.hashCode(AbstractSet.java:124)
	at com.portfolio.entity.AssetGroup.hashCode(AssetGroup.java:23)
	at java.base/java.util.AbstractSet.hashCode(AbstractSet.java:124)
	at com.portfolio.entity.Asset.hashCode(Asset.java:24)
	at java.base/java.util.AbstractSet.hashCode(AbstractSet.java:124)
	at com.portfolio.entity.AssetGroup.hashCode(AssetGroup.java:23)
	at java.base/java.util.AbstractSet.hashCode(AbstractSet.java:124)
	at com.portfolio.entity.Asset.hashCode(Asset.java:24)
	at java.base/java.util.AbstractSet.hashCode(AbstractSet.java:124)
	at com.portfolio.entity.AssetGroup.hashCode(AssetGroup.java:23)
	at java.base/java.util.AbstractSet.hashCode(AbstractSet.java:124)
	at com.portfolio.entity.Asset.hashCode(Asset.java:24)
	at java.base/java.util.AbstractSet.hashCode(AbstractSet.java:124)
	at com.portfolio.entity.AssetGroup.hashCode(AssetGroup.java:23)
	at java.base/java.util.AbstractSet.hashCode(AbstractSet.java:124)
	at com.portfolio.entity.Asset.hashCode(Asset.java:24)
	at java.base/java.util.AbstractSet.hashCode(AbstractSet.java:124)
	at com.portfolio.entity.AssetGroup.hashCode(AssetGroup.java:23)
	at java.base/java.util.AbstractSet.hashCode(AbstractSet.java:124)
	at com.portfolio.entity.Asset.hashCode(Asset.java:24)
	at java.base/java.util.AbstractSet.hashCode(AbstractSet.java:124)
	at com.portfolio.entity.AssetGroup.hashCode(AssetGroup.java:23)
	at java.base/java.util.AbstractSet.hashCode(AbstractSet.java:124)
	at com.portfolio.entity.Asset.hashCode(Asset.java:24)
	at java.base/java.util.AbstractSet.hashCode(AbstractSet.java:124)
	at com.portfolio.entity.AssetGroup.hashCode(AssetGroup.java:23)
	at java.base/java.util.AbstractSet.hashCode(AbstractSet.java:124)
	at com.portfolio.entity.Asset.hashCode(Asset.java:24)
	at java.base/java.util.AbstractSet.hashCode(AbstractSet.java:124)
	at com.portfolio.entity.AssetGroup.hashCode(AssetGroup.java:23)
	at java.base/java.util.AbstractSet.hashCode(AbstractSet.java:124)
	at com.portfolio.entity.Asset.hashCode(Asset.java:24)
	at java.base/java.util.AbstractSet.hashCode(AbstractSet.java:124)
	at com.portfolio.entity.AssetGroup.hashCode(AssetGroup.java:23)
	at java.base/java.util.AbstractSet.hashCode(AbstractSet.java:124)
	at com.portfolio.entity.Asset.hashCode(Asset.java:24)
	at java.base/java.util.AbstractSet.hashCode(AbstractSet.java:124)
	at com.portfolio.entity.AssetGroup.hashCode(AssetGroup.java:23)
	at java.base/java.util.AbstractSet.hashCode(AbstractSet.java:124)
	at com.portfolio.entity.Asset.hashCode(Asset.java:24)
	at java.base/java.util.AbstractSet.hashCode(AbstractSet.java:124)
	at com.portfolio.entity.AssetGroup.hashCode(AssetGroup.java:23)
	at java.base/java.util.AbstractSet.hashCode(AbstractSet.java:124)
	at com.portfolio.entity.Asset.hashCode(Asset.java:24)
	at java.base/java.util.AbstractSet.hashCode(AbstractSet.java:124)
	at com.portfolio.entity.AssetGroup.hashCode(AssetGroup.java:23)
	at java.base/java.util.AbstractSet.hashCode(AbstractSet.java:124)
	at com.portfolio.entity.Asset.hashCode(Asset.java:24)
	at java.base/java.util.AbstractSet.hashCode(AbstractSet.java:124)
	at com.portfolio.entity.AssetGroup.hashCode(AssetGroup.java:23)
	at java.base/java.util.AbstractSet.hashCode(AbstractSet.java:124)
	at com.portfolio.entity.Asset.hashCode(Asset.java:24)
	at java.base/java.util.AbstractSet.hashCode(AbstractSet.java:124)
	at com.portfolio.entity.AssetGroup.hashCode(AssetGroup.java:23)
	at java.base/java.util.AbstractSet.hashCode(AbstractSet.java:124)
	at com.portfolio.entity.Asset.hashCode(Asset.java:24)
	at java.base/java.util.AbstractSet.hashCode(AbstractSet.java:124)
	at com.portfolio.entity.AssetGroup.hashCode(AssetGroup.java:23)
	at java.base/java.util.AbstractSet.hashCode(AbstractSet.java:124)
	at com.portfolio.entity.Asset.hashCode(Asset.java:24)
	at java.base/java.util.AbstractSet.hashCode(AbstractSet.java:124)
	at com.portfolio.entity.AssetGroup.hashCode(AssetGroup.java:23)
	at java.base/java.util.AbstractSet.hashCode(AbstractSet.java:124)
	at com.portfolio.entity.Asset.hashCode(Asset.java:24)
	at java.base/java.util.AbstractSet.hashCode(AbstractSet.java:124)
	at com.portfolio.entity.AssetGroup.hashCode(AssetGroup.java:23)
	at java.base/java.util.AbstractSet.hashCode(AbstractSet.java:124)
	at com.portfolio.entity.Asset.hashCode(Asset.java:24)
	at java.base/java.util.AbstractSet.hashCode(AbstractSet.java:124)
	at com.portfolio.entity.AssetGroup.hashCode(AssetGroup.java:23)
	at java.base/java.util.AbstractSet.hashCode(AbstractSet.java:124)
	at com.portfolio.entity.Asset.hashCode(Asset.java:24)
	at java.base/java.util.AbstractSet.hashCode(AbstractSet.java:124)
	at com.portfolio.entity.AssetGroup.hashCode(AssetGroup.java:23)
	at java.base/java.util.AbstractSet.hashCode(AbstractSet.java:124)
	at com.portfolio.entity.Asset.hashCode(Asset.java:24)
	at java.base/java.util.AbstractSet.hashCode(AbstractSet.java:124)
	at com.portfolio.entity.AssetGroup.hashCode(AssetGroup.java:23)
	at java.base/java.util.AbstractSet.hashCode(AbstractSet.java:124)
	at com.portfolio.entity.Asset.hashCode(Asset.java:24)
	at java.base/java.util.AbstractSet.hashCode(AbstractSet.java:124)
	at com.portfolio.entity.AssetGroup.hashCode(AssetGroup.java:23)
	at java.base/java.util.AbstractSet.hashCode(AbstractSet.java:124)
	at com.portfolio.entity.Asset.hashCode(Asset.java:24)
	at java.base/java.util.AbstractSet.hashCode(AbstractSet.java:124)
	at com.portfolio.entity.AssetGroup.hashCode(AssetGroup.java:23)
	at java.base/java.util.AbstractSet.hashCode(AbstractSet.java:124)
	at com.portfolio.entity.Asset.hashCode(Asset.java:24)
	at java.base/java.util.AbstractSet.hashCode(AbstractSet.java:124)
	at com.portfolio.entity.AssetGroup.hashCode(AssetGroup.java:23)
	at java.base/java.util.AbstractSet.hashCode(AbstractSet.java:124)
	at com.portfolio.entity.Asset.hashCode(Asset.java:24)
	at java.base/java.util.AbstractSet.hashCode(AbstractSet.java:124)
	at com.portfolio.entity.AssetGroup.hashCode(AssetGroup.java:23)
	at java.base/java.util.AbstractSet.hashCode(AbstractSet.java:124)
	at com.portfolio.entity.Asset.hashCode(Asset.java:24)
	at java.base/java.util.AbstractSet.hashCode(AbstractSet.java:124)
	at com.portfolio.entity.AssetGroup.hashCode(AssetGroup.java:23)
	at java.base/java.util.AbstractSet.hashCode(AbstractSet.java:124)
	at com.portfolio.entity.Asset.hashCode(Asset.java:24)
	at java.base/java.util.AbstractSet.hashCode(AbstractSet.java:124)
	at com.portfolio.entity.AssetGroup.hashCode(AssetGroup.java:23)
	at java.base/java.util.AbstractSet.hashCode(AbstractSet.java:124)
	at com.portfolio.entity.Asset.hashCode(Asset.java:24)
	at java.base/java.util.AbstractSet.hashCode(AbstractSet.java:124)
	at com.portfolio.entity.AssetGroup.hashCode(AssetGroup.java:23)
	at java.base/java.util.AbstractSet.hashCode(AbstractSet.java:124)
	at com.portfolio.entity.Asset.hashCode(Asset.java:24)
	at java.base/java.util.AbstractSet.hashCode(AbstractSet.java:124)
	at com.portfolio.entity.AssetGroup.hashCode(AssetGroup.java:23)
	at java.base/java.util.AbstractSet.hashCode(AbstractSet.java:124)
	at com.portfolio.entity.Asset.hashCode(Asset.java:24)
	at java.base/java.util.AbstractSet.hashCode(AbstractSet.java:124)
	at com.portfolio.entity.AssetGroup.hashCode(AssetGroup.java:23)
	at java.base/java.util.AbstractSet.hashCode(AbstractSet.java:124)
	at com.portfolio.entity.Asset.hashCode(Asset.java:24)
	at java.base/java.util.AbstractSet.hashCode(AbstractSet.java:124)
	at com.portfolio.entity.AssetGroup.hashCode(AssetGroup.java:23)
	at java.base/java.util.AbstractSet.hashCode(AbstractSet.java:124)
	at com.portfolio.entity.Asset.hashCode(Asset.java:24)
	at java.base/java.util.AbstractSet.hashCode(AbstractSet.java:124)
	at com.portfolio.entity.AssetGroup.hashCode(AssetGroup.java:23)
	at java.base/java.util.AbstractSet.hashCode(AbstractSet.java:124)
	at com.portfolio.entity.Asset.hashCode(Asset.java:24)
	at java.base/java.util.AbstractSet.hashCode(AbstractSet.java:124)
	at com.portfolio.entity.AssetGroup.hashCode(AssetGroup.java:23)
	at java.base/java.util.AbstractSet.hashCode(AbstractSet.java:124)
	at com.portfolio.entity.Asset.hashCode(Asset.java:24)
	at java.base/java.util.AbstractSet.hashCode(AbstractSet.java:124)
	at com.portfolio.entity.AssetGroup.hashCode(AssetGroup.java:23)
	at java.base/java.util.AbstractSet.hashCode(AbstractSet.java:124)
	at com.portfolio.entity.Asset.hashCode(Asset.java:24)
	at java.base/java.util.AbstractSet.hashCode(AbstractSet.java:124)
	at com.portfolio.entity.AssetGroup.hashCode(AssetGroup.java:23)
	at java.base/java.util.AbstractSet.hashCode(AbstractSet.java:124)
	at com.portfolio.entity.Asset.hashCode(Asset.java:24)
	at java.base/java.util.AbstractSet.hashCode(AbstractSet.java:124)
	at com.portfolio.entity.AssetGroup.hashCode(AssetGroup.java:23)
	at java.base/java.util.AbstractSet.hashCode(AbstractSet.java:124)
	at com.portfolio.entity.Asset.hashCode(Asset.java:24)
	at java.base/java.util.AbstractSet.hashCode(AbstractSet.java:124)
	at com.portfolio.entity.AssetGroup.hashCode(AssetGroup.java:23)
	at java.base/java.util.AbstractSet.hashCode(AbstractSet.java:124)
	at com.portfolio.entity.Asset.hashCode(Asset.java:24)
	at java.base/java.util.AbstractSet.hashCode(AbstractSet.java:124)
	at com.portfolio.entity.AssetGroup.hashCode(AssetGroup.java:23)
	at java.base/java.util.AbstractSet.hashCode(AbstractSet.java:124)
	at com.portfolio.entity.Asset.hashCode(Asset.java:24)
	at java.base/java.util.AbstractSet.hashCode(AbstractSet.java:124)
	at com.portfolio.entity.AssetGroup.hashCode(AssetGroup.java:23)
	at java.base/java.util.AbstractSet.hashCode(AbstractSet.java:124)
	at com.portfolio.entity.Asset.hashCode(Asset.java:24)
	at java.base/java.util.AbstractSet.hashCode(AbstractSet.java:124)
	at com.portfolio.entity.AssetGroup.hashCode(AssetGroup.java:23)
	at java.base/java.util.AbstractSet.hashCode(AbstractSet.java:124)
	at com.portfolio.entity.Asset.hashCode(Asset.java:24)
	at java.base/java.util.AbstractSet.hashCode(AbstractSet.java:124)
	at com.portfolio.entity.AssetGroup.hashCode(AssetGroup.java:23)
	at java.base/java.util.AbstractSet.hashCode(AbstractSet.java:124)
	at com.portfolio.entity.Asset.hashCode(Asset.java:24)
	at java.base/java.util.AbstractSet.hashCode(AbstractSet.java:124)
	at com.portfolio.entity.AssetGroup.hashCode(AssetGroup.java:23)
	at java.base/java.util.AbstractSet.hashCode(AbstractSet.java:124)
	at com.portfolio.entity.Asset.hashCode(Asset.java:24)
	at java.base/java.util.AbstractSet.hashCode(AbstractSet.java:124)
	at com.portfolio.entity.AssetGroup.hashCode(AssetGroup.java:23)
	at java.base/java.util.AbstractSet.hashCode(AbstractSet.java:124)
	at com.portfolio.entity.Asset.hashCode(Asset.java:24)
	at java.base/java.util.AbstractSet.hashCode(AbstractSet.java:124)
	at com.portfolio.entity.AssetGroup.hashCode(AssetGroup.java:23)
	at java.base/java.util.AbstractSet.hashCode(AbstractSet.java:124)
	at com.portfolio.entity.Asset.hashCode(Asset.java:24)
	at java.base/java.util.AbstractSet.hashCode(AbstractSet.java:124)
	at com.portfolio.entity.AssetGroup.hashCode(AssetGroup.java:23)
	at java.base/java.util.AbstractSet.hashCode(AbstractSet.java:124)
	at com.portfolio.entity.Asset.hashCode(Asset.java:24)
	at java.base/java.util.AbstractSet.hashCode(AbstractSet.java:124)
	at com.portfolio.entity.AssetGroup.hashCode(AssetGroup.java:23)
	at java.base/java.util.AbstractSet.hashCode(AbstractSet.java:124)
	at com.portfolio.entity.Asset.hashCode(Asset.java:24)
	at java.base/java.util.AbstractSet.hashCode(AbstractSet.java:124)
	at com.portfolio.entity.AssetGroup.hashCode(AssetGroup.java:23)
	at java.base/java.util.AbstractSet.hashCode(AbstractSet.java:124)
	at com.portfolio.entity.Asset.hashCode(Asset.java:24)
	at java.base/java.util.AbstractSet.hashCode(AbstractSet.java:124)
	at com.portfolio.entity.AssetGroup.hashCode(AssetGroup.java:23)
	at java.base/java.util.AbstractSet.hashCode(AbstractSet.java:124)
	at com.portfolio.entity.Asset.hashCode(Asset.java:24)
	at java.base/java.util.AbstractSet.hashCode(AbstractSet.java:124)
	at com.portfolio.entity.AssetGroup.hashCode(AssetGroup.java:23)
	at java.base/java.util.AbstractSet.hashCode(AbstractSet.java:124)
	at com.portfolio.entity.Asset.hashCode(Asset.java:24)
	at java.base/java.util.AbstractSet.hashCode(AbstractSet.java:124)
	at com.portfolio.entity.AssetGroup.hashCode(AssetGroup.java:23)
	at java.base/java.util.AbstractSet.hashCode(AbstractSet.java:124)
	at com.portfolio.entity.Asset.hashCode(Asset.java:24)
	at java.base/java.util.AbstractSet.hashCode(AbstractSet.java:124)
	at com.portfolio.entity.AssetGroup.hashCode(AssetGroup.java:23)
	at java.base/java.util.AbstractSet.hashCode(AbstractSet.java:124)
	at com.portfolio.entity.Asset.hashCode(Asset.java:24)
	at java.base/java.util.AbstractSet.hashCode(AbstractSet.java:124)
	at com.portfolio.entity.AssetGroup.hashCode(AssetGroup.java:23)
	at java.base/java.util.AbstractSet.hashCode(AbstractSet.java:124)
	at com.portfolio.entity.Asset.hashCode(Asset.java:24)
	at java.base/java.util.AbstractSet.hashCode(AbstractSet.java:124)
	at com.portfolio.entity.AssetGroup.hashCode(AssetGroup.java:23)
	at java.base/java.util.AbstractSet.hashCode(AbstractSet.java:124)
	at com.portfolio.entity.Asset.hashCode(Asset.java:24)
	at java.base/java.util.AbstractSet.hashCode(AbstractSet.java:124)
	at com.portfolio.entity.AssetGroup.hashCode(AssetGroup.java:23)
	at java.base/java.util.AbstractSet.hashCode(AbstractSet.java:124)
	at com.portfolio.entity.Asset.hashCode(Asset.java:24)
	at java.base/java.util.AbstractSet.hashCode(AbstractSet.java:124)
	at com.portfolio.entity.AssetGroup.hashCode(AssetGroup.java:23)
	at java.base/java.util.AbstractSet.hashCode(AbstractSet.java:124)
	at com.portfolio.entity.Asset.hashCode(Asset.java:24)
	at java.base/java.util.AbstractSet.hashCode(AbstractSet.java:124)
	at com.portfolio.entity.AssetGroup.hashCode(AssetGroup.java:23)
	at java.base/java.util.AbstractSet.hashCode(AbstractSet.java:124)
	at com.portfolio.entity.Asset.hashCode(Asset.java:24)
	at java.base/java.util.AbstractSet.hashCode(AbstractSet.java:124)
	at com.portfolio.entity.AssetGroup.hashCode(AssetGroup.java:23)
	at java.base/java.util.AbstractSet.hashCode(AbstractSet.java:124)
	at com.portfolio.entity.Asset.hashCode(Asset.java:24)
	at java.base/java.util.AbstractSet.hashCode(AbstractSet.java:124)
	at com.portfolio.entity.AssetGroup.hashCode(AssetGroup.java:23)
	at java.base/java.util.AbstractSet.hashCode(AbstractSet.java:124)
	at com.portfolio.entity.Asset.hashCode(Asset.java:24)
	at java.base/java.util.AbstractSet.hashCode(AbstractSet.java:124)
	at com.portfolio.entity.AssetGroup.hashCode(AssetGroup.java:23)
	at java.base/java.util.AbstractSet.hashCode(AbstractSet.java:124)
	at com.portfolio.entity.Asset.hashCode(Asset.java:24)
	at java.base/java.util.AbstractSet.hashCode(AbstractSet.java:124)
	at com.portfolio.entity.AssetGroup.hashCode(AssetGroup.java:23)
	at java.base/java.util.AbstractSet.hashCode(AbstractSet.java:124)
	at com.portfolio.entity.Asset.hashCode(Asset.java:24)
	at java.base/java.util.AbstractSet.hashCode(AbstractSet.java:124)
	at com.portfolio.entity.AssetGroup.hashCode(AssetGroup.java:23)
	at java.base/java.util.AbstractSet.hashCode(AbstractSet.java:124)
	at com.portfolio.entity.Asset.hashCode(Asset.java:24)
	at java.base/java.util.AbstractSet.hashCode(AbstractSet.java:124)
	at com.portfolio.entity.AssetGroup.hashCode(AssetGroup.java:23)
	at java.base/java.util.AbstractSet.hashCode(AbstractSet.java:124)
	at com.portfolio.entity.Asset.hashCode(Asset.java:24)
	at java.base/java.util.AbstractSet.hashCode(AbstractSet.java:124)
	at com.portfolio.entity.AssetGroup.hashCode(AssetGroup.java:23)
	at java.base/java.util.AbstractSet.hashCode(AbstractSet.java:124)
	at com.portfolio.entity.Asset.hashCode(Asset.java:24)
	at java.base/java.util.AbstractSet.hashCode(AbstractSet.java:124)
	at com.portfolio.entity.AssetGroup.hashCode(AssetGroup.java:23)
	at java.base/java.util.AbstractSet.hashCode(AbstractSet.java:124)
	at com.portfolio.entity.Asset.hashCode(Asset.java:24)
	at java.base/java.util.AbstractSet.hashCode(AbstractSet.java:124)
	at com.portfolio.entity.AssetGroup.hashCode(AssetGroup.java:23)
	at java.base/java.util.AbstractSet.hashCode(AbstractSet.java:124)
	at com.portfolio.entity.Asset.hashCode(Asset.java:24)
	at java.base/java.util.AbstractSet.hashCode(AbstractSet.java:124)
	at com.portfolio.entity.AssetGroup.hashCode(AssetGroup.java:23)
	at java.base/java.util.AbstractSet.hashCode(AbstractSet.java:124)
	at com.portfolio.entity.Asset.hashCode(Asset.java:24)
	at java.base/java.util.AbstractSet.hashCode(AbstractSet.java:124)
	at com.portfolio.entity.AssetGroup.hashCode(AssetGroup.java:23)
	at java.base/java.util.AbstractSet.hashCode(AbstractSet.java:124)
	at com.portfolio.entity.Asset.hashCode(Asset.java:24)
	at java.base/java.util.AbstractSet.hashCode(AbstractSet.java:124)
	at com.portfolio.entity.AssetGroup.hashCode(AssetGroup.java:23)
	at java.base/java.util.AbstractSet.hashCode(AbstractSet.java:124)
	at com.portfolio.entity.Asset.hashCode(Asset.java:24)
	at java.base/java.util.AbstractSet.hashCode(AbstractSet.java:124)
	at com.portfolio.entity.AssetGroup.hashCode(AssetGroup.java:23)
	at java.base/java.util.AbstractSet.hashCode(AbstractSet.java:124)
	at com.portfolio.entity.Asset.hashCode(Asset.java:24)
	at java.base/java.util.AbstractSet.hashCode(AbstractSet.java:124)
	at com.portfolio.entity.AssetGroup.hashCode(AssetGroup.java:23)
	at java.base/java.util.AbstractSet.hashCode(AbstractSet.java:124)
	at com.portfolio.entity.Asset.hashCode(Asset.java:24)
	at java.base/java.util.AbstractSet.hashCode(AbstractSet.java:124)
	at com.portfolio.entity.AssetGroup.hashCode(AssetGroup.java:23)
	at java.base/java.util.AbstractSet.hashCode(AbstractSet.java:124)
	at com.portfolio.entity.Asset.hashCode(Asset.java:24)
	at java.base/java.util.AbstractSet.hashCode(AbstractSet.java:124)
	at com.portfolio.entity.AssetGroup.hashCode(AssetGroup.java:23)
	at java.base/java.util.AbstractSet.hashCode(AbstractSet.java:124)
	at com.portfolio.entity.Asset.hashCode(Asset.java:24)
	at java.base/java.util.AbstractSet.hashCode(AbstractSet.java:124)
	at com.portfolio.entity.AssetGroup.hashCode(AssetGroup.java:23)
	at java.base/java.util.AbstractSet.hashCode(AbstractSet.java:124)
	at com.portfolio.entity.Asset.hashCode(Asset.java:24)
	at java.base/java.util.AbstractSet.hashCode(AbstractSet.java:124)
	at com.portfolio.entity.AssetGroup.hashCode(AssetGroup.java:23)
	at java.base/java.util.AbstractSet.hashCode(AbstractSet.java:124)
	at com.portfolio.entity.Asset.hashCode(Asset.java:24)
	at java.base/java.util.AbstractSet.hashCode(AbstractSet.java:124)
	at com.portfolio.entity.AssetGroup.hashCode(AssetGroup.java:23)
	at java.base/java.util.AbstractSet.hashCode(AbstractSet.java:124)

com.portfolio.service.AssetServiceTest.createHolding_success_and_recordsBuy -- Time elapsed: 0.017 s <<< ERROR!
java.lang.NullPointerException: Cannot read field "scale" because "multiplicand" is null
	at java.base/java.math.BigDecimal.multiply(BigDecimal.java:1572)
	at com.portfolio.entity.Asset.getCurrentValue(Asset.java:88)
	at com.portfolio.service.AssetService.mapToResponse(AssetService.java:257)
	at com.portfolio.service.AssetService.createAsset(AssetService.java:96)
	at com.portfolio.service.AssetServiceTest.createHolding_success_and_recordsBuy(AssetServiceTest.java:97)
	at java.base/java.lang.reflect.Method.invoke(Method.java:569)
	at java.base/java.util.ArrayList.forEach(ArrayList.java:1511)
	at java.base/java.util.ArrayList.forEach(ArrayList.java:1511)

com.portfolio.service.AssetServiceTest.createStock_requiresCategory -- Time elapsed: 0.012 s <<< ERROR!
java.lang.NullPointerException: Cannot invoke "java.math.BigDecimal.multiply(java.math.BigDecimal)" because "this.quantity" is null
	at com.portfolio.entity.Asset.getCurrentValue(Asset.java:88)
	at com.portfolio.service.AssetService.mapToResponse(AssetService.java:257)
	at com.portfolio.service.AssetService.createAsset(AssetService.java:96)
	at com.portfolio.service.AssetServiceTest.createStock_requiresCategory(AssetServiceTest.java:126)
	at java.base/java.lang.reflect.Method.invoke(Method.java:569)
	at java.base/java.util.ArrayList.forEach(ArrayList.java:1511)
	at java.base/java.util.ArrayList.forEach(ArrayList.java:1511)

